#
# There is insufficient memory for the Java Runtime Environment to continue.
# Native memory allocation (mmap) failed to map 134217728 bytes for G1 virtual space
# Possible reasons:
#   The system is out of physical RAM or swap space
#   The process is running with CompressedOops enabled, and the Java Heap may be blocking the growth of the native heap
# Possible solutions:
#   Reduce memory load on the system
#   Increase physical memory or swap space
#   Check if swap backing store is full
#   Decrease Java heap size (-Xmx/-Xms)
#   Decrease number of Java threads
#   Decrease Java thread stack sizes (-Xss)
#   Set larger code cache with -XX:ReservedCodeCacheSize=
#   JVM is running with Unscaled Compressed Oops mode in which the Java heap is
#     placed in the first 4GB address space. The Java Heap base address is the
#     maximum limit for the native heap growth. Please use -XX:HeapBaseMinAddress
#     to set the Java Heap base and to place the Java Heap above 4GB virtual address.
# This output file may be truncated or incomplete.
#
#  Out of Memory Error (os_windows.cpp:3825), pid=10040, tid=7400
#
# JRE version:  (17.0.9) (build )
# Java VM: OpenJDK 64-Bit Server VM (17.0.9+0--11185874, mixed mode, sharing, tiered, compressed oops, compressed class ptrs, g1 gc, windows-amd64)
# No core dump will be written. Minidumps are not enabled by default on client versions of Windows
#

---------------  S U M M A R Y ------------

Command Line: 

Host: Intel(R) Core(TM) i5-7200U CPU @ 2.50GHz, 4 cores, 7G,  Windows 10 , 64 bit Build 19041 (10.0.19041.2545)
Time: Thu Jul 18 17:02:28 2024 SE Asia Standard Time elapsed time: 0.022527 seconds (0d 0h 0m 0s)

---------------  T H R E A D  ---------------

Current thread (0x000001c50895c8f0):  JavaThread "Unknown thread" [_thread_in_vm, id=7400, stack(0x000000bd12500000,0x000000bd12600000)]

Stack: [0x000000bd12500000,0x000000bd12600000]
Native frames: (J=compiled Java code, j=interpreted, Vv=VM code, C=native code)
V  [jvm.dll+0x6886e9]
V  [jvm.dll+0x841e4a]
V  [jvm.dll+0x843a8e]
V  [jvm.dll+0x8440f3]
V  [jvm.dll+0x24c14f]
V  [jvm.dll+0x685499]
V  [jvm.dll+0x679c2a]
V  [jvm.dll+0x30cf9b]
V  [jvm.dll+0x314446]
V  [jvm.dll+0x36425e]
V  [jvm.dll+0x36448f]
V  [jvm.dll+0x2e2d68]
V  [jvm.dll+0x2e3cd4]
V  [jvm.dll+0x8129f1]
V  [jvm.dll+0x3720c1]
V  [jvm.dll+0x7f152c]
V  [jvm.dll+0x3f5d4f]
V  [jvm.dll+0x3f7981]
C  [jli.dll+0x528f]
C  [ucrtbase.dll+0x21bb2]
C  [KERNEL32.DLL+0x17614]
C  [ntdll.dll+0x526a1]


---------------  P R O C E S S  ---------------

Threads class SMR info:
_java_thread_list=0x00007ffe5a36ef18, length=0, elements={
}

Java Threads: ( => current thread )

Other Threads:
  0x000001c5089b2030 GCTaskThread "GC Thread#0" [stack: 0x000000bd12600000,0x000000bd12700000] [id=3132]
  0x000001c5089c2bc0 ConcurrentGCThread "G1 Main Marker" [stack: 0x000000bd12700000,0x000000bd12800000] [id=424]
  0x000001c5089c35e0 ConcurrentGCThread "G1 Conc#0" [stack: 0x000000bd12800000,0x000000bd12900000] [id=10468]

[error occurred during error reporting (printing all threads), id 0xc0000005, EXCEPTION_ACCESS_VIOLATION (0xc0000005) at pc=0x00007ffe59b23937]

VM state: not at safepoint (not fully initialized)

VM Mutex/Monitor currently owned by a thread:  ([mutex/lock_event])
[0x000001c508958620] Heap_lock - owner thread: 0x000001c50895c8f0

Heap address: 0x0000000081e00000, size: 2018 MB, Compressed Oops mode: 32-bit

CDS archive(s) mapped at: [0x0000000000000000-0x0000000000000000-0x0000000000000000), size 0, SharedBaseAddress: 0x0000000800000000, ArchiveRelocationMode: 1.
Narrow klass base: 0x0000000000000000, Narrow klass shift: 0, Narrow klass range: 0x0

GC Precious Log:
<Empty>

Heap:
 garbage-first heap   total 0K, used 0K [0x0000000081e00000, 0x0000000100000000)
  region size 1024K, 0 young (0K), 0 survivors (0K)
 Metaspace       used 0K, committed 0K, reserved 0K
  class space    used 0K, committed 0K, reserved 0K

Heap Regions: E=young(eden), S=young(survivor), O=old, HS=humongous(starts), HC=humongous(continues), CS=collection set, F=free, OA=open archive, CA=closed archive, TAMS=top-at-mark-start (previous, next)

Card table byte_map: [0x000001c51d020000,0x000001c51d420000] _byte_map_base: 0x000001c51cc11000

Marking Bits (Prev, Next): (CMBitMap*) 0x000001c5089b2650, (CMBitMap*) 0x000001c5089b2690
 Prev Bits: [0x000001c51d820000, 0x000001c51f7a8000)
 Next Bits: [0x000001c51f7b0000, 0x000001c521738000)

GC Heap History (0 events):
No events

Dll operation events (1 events):
Event: 0.008 Loaded shared library C:\Program Files\Android\Android Studio\jbr\bin\java.dll

Deoptimization events (0 events):
No events

Classes unloaded (0 events):
No events

Classes redefined (0 events):
No events

Internal exceptions (0 events):
No events

VM Operations (0 events):
No events

Events (0 events):
No events


Dynamic libraries:
0x00007ff612590000 - 0x00007ff61259a000 	C:\Program Files\Android\Android Studio\jbr\bin\java.EXE
0x00007ffeb4eb0000 - 0x00007ffeb50a8000 	C:\Windows\SYSTEM32\ntdll.dll
0x00007ffeb4db0000 - 0x00007ffeb4e6f000 	C:\Windows\System32\KERNEL32.DLL
0x00007ffeb2830000 - 0x00007ffeb2b02000 	C:\Windows\System32\KERNELBASE.dll
0x00007ffeb2dc0000 - 0x00007ffeb2ec0000 	C:\Windows\System32\ucrtbase.dll
0x00007ffea43c0000 - 0x00007ffea43d7000 	C:\Program Files\Android\Android Studio\jbr\bin\jli.dll
0x00007ffea4190000 - 0x00007ffea41ab000 	C:\Program Files\Android\Android Studio\jbr\bin\VCRUNTIME140.dll
0x00007ffeb3b80000 - 0x00007ffeb3d21000 	C:\Windows\System32\USER32.dll
0x00007ffeb2650000 - 0x00007ffeb2672000 	C:\Windows\System32\win32u.dll
0x00007ffeb3d90000 - 0x00007ffeb3dbb000 	C:\Windows\System32\GDI32.dll
0x00007ffeb2680000 - 0x00007ffeb278f000 	C:\Windows\System32\gdi32full.dll
0x00007ffeb2790000 - 0x00007ffeb282d000 	C:\Windows\System32\msvcp_win.dll
0x00007ffe98340000 - 0x00007ffe985da000 	C:\Windows\WinSxS\amd64_microsoft.windows.common-controls_6595b64144ccf1df_6.0.19041.1110_none_60b5254171f9507e\COMCTL32.dll
0x00007ffeb48a0000 - 0x00007ffeb493e000 	C:\Windows\System32\msvcrt.dll
0x00007ffeb4af0000 - 0x00007ffeb4b22000 	C:\Windows\System32\IMM32.DLL
0x00007ffea8630000 - 0x00007ffea863c000 	C:\Program Files\Android\Android Studio\jbr\bin\vcruntime140_1.dll
0x00007ffe9e390000 - 0x00007ffe9e41d000 	C:\Program Files\Android\Android Studio\jbr\bin\msvcp140.dll
0x00007ffe59830000 - 0x00007ffe5a4b3000 	C:\Program Files\Android\Android Studio\jbr\bin\server\jvm.dll
0x00007ffeb45c0000 - 0x00007ffeb466e000 	C:\Windows\System32\ADVAPI32.dll
0x00007ffeb3ae0000 - 0x00007ffeb3b7c000 	C:\Windows\System32\sechost.dll
0x00007ffeb4770000 - 0x00007ffeb4895000 	C:\Windows\System32\RPCRT4.dll
0x00007ffeb2410000 - 0x00007ffeb245b000 	C:\Windows\SYSTEM32\POWRPROF.dll
0x00007ffe982d0000 - 0x00007ffe982d9000 	C:\Windows\SYSTEM32\WSOCK32.dll
0x00007ffeb4670000 - 0x00007ffeb46db000 	C:\Windows\System32\WS2_32.dll
0x00007ffe9db40000 - 0x00007ffe9db67000 	C:\Windows\SYSTEM32\WINMM.dll
0x00007ffea9330000 - 0x00007ffea933a000 	C:\Windows\SYSTEM32\VERSION.dll
0x00007ffeb23f0000 - 0x00007ffeb2402000 	C:\Windows\SYSTEM32\UMPDC.dll
0x00007ffeb0e40000 - 0x00007ffeb0e52000 	C:\Windows\SYSTEM32\kernel.appcore.dll
0x00007ffea4180000 - 0x00007ffea418a000 	C:\Program Files\Android\Android Studio\jbr\bin\jimage.dll
0x00007ffead310000 - 0x00007ffead4f4000 	C:\Windows\SYSTEM32\DBGHELP.DLL
0x00007ffe9f070000 - 0x00007ffe9f0a5000 	C:\Windows\SYSTEM32\dbgcore.DLL
0x00007ffeb2cc0000 - 0x00007ffeb2d42000 	C:\Windows\System32\bcryptPrimitives.dll
0x00007ffe9f750000 - 0x00007ffe9f775000 	C:\Program Files\Android\Android Studio\jbr\bin\java.dll

dbghelp: loaded successfully - version: 4.0.5 - missing functions: none
symbol engine: initialized successfully - sym options: 0x614 - pdb path: .;C:\Program Files\Android\Android Studio\jbr\bin;C:\Windows\SYSTEM32;C:\Windows\WinSxS\amd64_microsoft.windows.common-controls_6595b64144ccf1df_6.0.19041.1110_none_60b5254171f9507e;C:\Program Files\Android\Android Studio\jbr\bin\server

VM Arguments:
java_command: <unknown>
java_class_path (initial): <not set>
Launcher Type: SUN_STANDARD

[Global flags]
     intx CICompilerCount                          = 3                                         {product} {ergonomic}
     uint ConcGCThreads                            = 1                                         {product} {ergonomic}
     uint G1ConcRefinementThreads                  = 4                                         {product} {ergonomic}
   size_t G1HeapRegionSize                         = 1048576                                   {product} {ergonomic}
    uintx GCDrainStackTargetSize                   = 64                                        {product} {ergonomic}
   size_t InitialHeapSize                          = 134217728                                 {product} {ergonomic}
   size_t MarkStackSize                            = 4194304                                   {product} {ergonomic}
   size_t MaxHeapSize                              = 2116026368                                {product} {ergonomic}
   size_t MinHeapDeltaBytes                        = 1048576                                   {product} {ergonomic}
   size_t MinHeapSize                              = 8388608                                   {product} {ergonomic}
    uintx NonNMethodCodeHeapSize                   = 5832780                                {pd product} {ergonomic}
    uintx NonProfiledCodeHeapSize                  = 122912730                              {pd product} {ergonomic}
    uintx ProfiledCodeHeapSize                     = 122912730                              {pd product} {ergonomic}
    uintx ReservedCodeCacheSize                    = 251658240                              {pd product} {ergonomic}
     bool SegmentedCodeCache                       = true                                      {product} {ergonomic}
   size_t SoftMaxHeapSize                          = 2116026368                             {manageable} {ergonomic}
     bool UseCompressedClassPointers               = true                           {product lp64_product} {ergonomic}
     bool UseCompressedOops                        = true                           {product lp64_product} {ergonomic}
     bool UseG1GC                                  = true                                      {product} {ergonomic}
     bool UseLargePagesIndividualAllocation        = false                                  {pd product} {ergonomic}

Logging:
Log output configuration:
 #0: stdout all=warning uptime,level,tags
 #1: stderr all=off uptime,level,tags

Environment Variables:
PATH=C:\Program Files\Common Files\Oracle\Java\javapath;C:\Program Files (x86)\Common Files\Intel\Shared Libraries\redist\intel64_win\compiler;C:\Windows\system32;C:\Windows;C:\Windows\System32\Wbem;C:\Windows\System32\WindowsPowerShell\v1.0\;C:\Windows\System32\OpenSSH\;C:\Program Files\Microsoft SQL Server\150\Tools\Binn\;C:\dart-sdk\bin\;C:\ProgramData\ComposerSetup\bin;C:\Program Files\Git\cmd;C:\flutter\bin;C:\Users\Admin\AppData\Local\Android\Sdk\platforms;C:\Users\Admin\AppData\Local\Android\Sdk\platform-tools;C:\xampp\php;C:\Users\Admin\AppData\Local\Programs\Python\Python311\;C:\Users\Admin\AppData\Local\Microsoft\WindowsApps;C:\Users\Admin\AppData\Local\Programs\Microsoft VS Code\bin;C:\Users\Admin\AppData\Roaming\Composer\vendor\bin;C:\flutter\bin\mingit\cmd;C:\flutter\bin\mingit\cmd
USERNAME=Taufik
OS=Windows_NT
PROCESSOR_IDENTIFIER=Intel64 Family 6 Model 142 Stepping 9, GenuineIntel
TMP=C:\Users\Admin\AppData\Local\Temp
TEMP=C:\Users\Admin\AppData\Local\Temp



Periodic native trim disabled

JNI global refs:
JNI global refs: 0, weak refs: 0

JNI global refs memory usage: 0, weak refs: 0

OOME stack traces (most recent first):
Classloader memory used:


---------------  S Y S T E M  ---------------

OS:
 Windows 10 , 64 bit Build 19041 (10.0.19041.2545)
OS uptime: 0 days 0:39 hours

CPU: total 4 (initial active 4) (2 cores per cpu, 2 threads per core) family 6 model 142 stepping 9 microcode 0xb4, cx8, cmov, fxsr, ht, mmx, 3dnowpref, sse, sse2, sse3, ssse3, sse4.1, sse4.2, popcnt, lzcnt, tsc, tscinvbit, avx, avx2, aes, erms, clmul, bmi1, bmi2, adx, fma, vzeroupper, clflush, clflushopt
Processor Information for all 4 processors :
  Max Mhz: 2712, Current Mhz: 2511, Mhz Limit: 2495

Memory: 4k page, system-wide physical 8071M (829M free)
TotalPageFile size 8071M (AvailPageFile size 48M)
current process WorkingSet (physical memory assigned to process): 10M, peak: 10M
current process commit charge ("private bytes"): 51M, peak: 179M

vm_info: OpenJDK 64-Bit Server VM (17.0.9+0--11185874) for windows-amd64 JRE (17.0.9+0--11185874), built on Dec  6 2023 18:57:44 by "androidbuild" with MS VC++ 16.10 / 16.11 (VS2019)

END.
